[2025-09-15 12:21:47] [INFO] Experiment started: clinical_ai_decision_support_cardiology
[2025-09-15 12:21:47] [INFO] Results will be saved to: results/clinical_ai_decision_support_cardiology_20250915_122147
[2025-09-15 12:21:47] [INFO] Using device: cpu
[2025-09-15 12:21:51] [INFO] Starting clinical decision support training...
[2025-09-15 12:21:51] [INFO] Epoch [1/5], Step [0/80], Loss: 1.6632
[2025-09-15 12:21:54] [INFO] Epoch [1/5], Step [20/80], Loss: 1.4148
[2025-09-15 12:21:58] [INFO] Epoch [1/5], Step [40/80], Loss: 1.4378
[2025-09-15 12:22:04] [INFO] Epoch [1/5], Step [60/80], Loss: 1.5111
[2025-09-15 12:22:10] [INFO] Epoch [1/5]
[2025-09-15 12:22:10] [INFO] Train Loss: 1.4863
[2025-09-15 12:22:10] [INFO] Val Loss: 1.4884
[2025-09-15 12:22:10] [INFO] Diagnosis Accuracy: 0.5062
[2025-09-15 12:22:10] [INFO] Epoch 1: Train Loss = 1.486273, Val Loss = 1.488408, diagnosis_accuracy = 0.50625
[2025-09-15 12:22:10] [INFO] Epoch [2/5], Step [0/80], Loss: 1.4875
[2025-09-15 12:22:13] [INFO] Epoch [2/5], Step [20/80], Loss: 1.6965
[2025-09-15 12:22:17] [INFO] Epoch [2/5], Step [40/80], Loss: 1.7886
[2025-09-15 12:22:20] [INFO] Epoch [2/5], Step [60/80], Loss: 1.2729
[2025-09-15 12:22:25] [INFO] Epoch [2/5]
[2025-09-15 12:22:25] [INFO] Train Loss: 1.4639
[2025-09-15 12:22:25] [INFO] Val Loss: 1.5360
[2025-09-15 12:22:25] [INFO] Diagnosis Accuracy: 0.3063
[2025-09-15 12:22:25] [INFO] Epoch 2: Train Loss = 1.463883, Val Loss = 1.535979, diagnosis_accuracy = 0.30625
[2025-09-15 12:22:25] [INFO] Epoch [3/5], Step [0/80], Loss: 1.6386
[2025-09-15 12:22:28] [INFO] Epoch [3/5], Step [20/80], Loss: 1.5378
[2025-09-15 12:22:32] [INFO] Epoch [3/5], Step [40/80], Loss: 1.3813
[2025-09-15 12:22:35] [INFO] Epoch [3/5], Step [60/80], Loss: 1.5074
[2025-09-15 12:22:38] [INFO] Epoch [3/5]
[2025-09-15 12:22:38] [INFO] Train Loss: 1.4281
[2025-09-15 12:22:38] [INFO] Val Loss: 2.3320
[2025-09-15 12:22:38] [INFO] Diagnosis Accuracy: 0.1062
[2025-09-15 12:22:38] [INFO] Epoch 3: Train Loss = 1.428069, Val Loss = 2.331986, diagnosis_accuracy = 0.10625
[2025-09-15 12:22:39] [INFO] Epoch [4/5], Step [0/80], Loss: 1.1822
[2025-09-15 12:22:42] [INFO] Epoch [4/5], Step [20/80], Loss: 1.3893
[2025-09-15 12:22:45] [INFO] Epoch [4/5], Step [40/80], Loss: 1.2629
[2025-09-15 12:22:48] [INFO] Epoch [4/5], Step [60/80], Loss: 1.4031
[2025-09-15 12:22:52] [INFO] Epoch [4/5]
[2025-09-15 12:22:52] [INFO] Train Loss: 1.3859
[2025-09-15 12:22:52] [INFO] Val Loss: 1.3244
[2025-09-15 12:22:52] [INFO] Diagnosis Accuracy: 0.5062
[2025-09-15 12:22:52] [INFO] Epoch 4: Train Loss = 1.385866, Val Loss = 1.324396, diagnosis_accuracy = 0.50625
[2025-09-15 12:22:52] [INFO] Epoch [5/5], Step [0/80], Loss: 1.3162
[2025-09-15 12:22:55] [INFO] Epoch [5/5], Step [20/80], Loss: 1.4600
[2025-09-15 12:22:58] [INFO] Epoch [5/5], Step [40/80], Loss: 1.3942
[2025-09-15 12:23:01] [INFO] Epoch [5/5], Step [60/80], Loss: 1.1864
[2025-09-15 12:23:05] [INFO] Epoch [5/5]
[2025-09-15 12:23:05] [INFO] Train Loss: 1.3471
[2025-09-15 12:23:05] [INFO] Val Loss: 1.3907
[2025-09-15 12:23:05] [INFO] Diagnosis Accuracy: 0.5000
[2025-09-15 12:23:05] [INFO] Epoch 5: Train Loss = 1.347086, Val Loss = 1.390656, diagnosis_accuracy = 0.5
[2025-09-15 12:23:06] [INFO] Model checkpoint saved: results/clinical_ai_decision_support_cardiology_20250915_122147/models/clinical_decision_support_final.pth
[2025-09-15 12:23:07] [INFO] Clinical decision support training completed successfully!
[2025-09-15 12:23:07] [INFO] Final diagnosis accuracy: 0.5000
[2025-09-15 12:23:07] [INFO] Results saved in: results/clinical_ai_decision_support_cardiology_20250915_122147
